<?xml version="1.0" encoding="UTF-8"?>
<testng-results skipped="0" failed="0" ignored="0" total="1" passed="1">
  <reporter-output>
    <line>
      <![CDATA[Google]]>
    </line>
  </reporter-output>
  <suite name="Default suite" duration-ms="18055" started-at="2019-08-16T08:43:49Z" finished-at="2019-08-16T08:44:08Z">
    <groups>
    </groups>
    <test name="Default test" duration-ms="18055" started-at="2019-08-16T08:43:49Z" finished-at="2019-08-16T08:44:08Z">
      <class name="demo.Testdemo">
        <test-method status="PASS" signature="set()[pri:0, instance:demo.Testdemo@59fa1d9b]" name="set" is-config="true" duration-ms="9" started-at="2019-08-16T08:43:50Z" finished-at="2019-08-16T08:43:50Z">
          <reporter-output>
          </reporter-output>
        </test-method> <!-- set -->
        <test-method status="PASS" signature="test()[pri:0, instance:demo.Testdemo@59fa1d9b]" name="test" duration-ms="15673" started-at="2019-08-16T08:43:50Z" finished-at="2019-08-16T08:44:05Z">
          <reporter-output>
            <line>
              <![CDATA[Google]]>
            </line>
          </reporter-output>
        </test-method> <!-- test -->
        <test-method status="PASS" signature="close()[pri:0, instance:demo.Testdemo@59fa1d9b]" name="close" is-config="true" duration-ms="2314" started-at="2019-08-16T08:44:05Z" finished-at="2019-08-16T08:44:08Z">
          <reporter-output>
          </reporter-output>
        </test-method> <!-- close -->
      </class> <!-- demo.Testdemo -->
    </test> <!-- Default test -->
  </suite> <!-- Default suite -->
</testng-results>
